
Gurobi 11.0.3 (mac64[arm], Java) logging started 金 10/ 4 17:51:40 2024

Set parameter Username
Academic license - for non-commercial use only - expires 2025-09-24

Gurobi 11.0.3 (mac64[arm], Java) logging started 金 10/ 4 17:59:01 2024

Set parameter Username
Academic license - for non-commercial use only - expires 2025-09-24

Gurobi 11.0.3 (mac64[arm], Java) logging started 金 10/ 4 18:22:15 2024

Set parameter Username
Academic license - for non-commercial use only - expires 2025-09-24

Gurobi 11.0.3 (mac64[arm], Java) logging started 金 10/ 4 18:28:18 2024

Set parameter Username
Academic license - for non-commercial use only - expires 2025-09-24

Gurobi 11.0.3 (mac64[arm], Java) logging started 金 10/ 4 18:29:33 2024

Set parameter Username
Academic license - for non-commercial use only - expires 2025-09-24

Gurobi 11.0.3 (mac64[arm], Java) logging started 金 10/ 4 18:31:46 2024

Set parameter Username
Academic license - for non-commercial use only - expires 2025-09-24

Gurobi 11.0.3 (mac64[arm], Java) logging started 金 10/ 4 18:37:17 2024

Set parameter Username
Academic license - for non-commercial use only - expires 2025-09-24

Gurobi 11.0.3 (mac64[arm], Java) logging started 金 10/ 4 19:14:49 2024

Set parameter Username
Academic license - for non-commercial use only - expires 2025-09-24

Gurobi 11.0.3 (mac64[arm], Java) logging started 金 10/ 4 19:21:12 2024

Set parameter Username
Academic license - for non-commercial use only - expires 2025-09-24

Gurobi 11.0.3 (mac64[arm], Java) logging started 火 10/ 8 13:32:56 2024

Set parameter Username
Academic license - for non-commercial use only - expires 2025-09-24

Gurobi 11.0.3 (mac64[arm], Java) logging started 火 10/ 8 14:25:57 2024

Set parameter Username
Academic license - for non-commercial use only - expires 2025-09-24

Gurobi 11.0.3 (mac64[arm], Java) logging started 火 10/ 8 14:28:31 2024

Set parameter Username
Academic license - for non-commercial use only - expires 2025-09-24

Gurobi 11.0.3 (mac64[arm], Java) logging started 火 10/ 8 14:54:02 2024

Set parameter Username
Academic license - for non-commercial use only - expires 2025-09-24
Gurobi Optimizer version 11.0.3 build v11.0.3rc0 (mac64[arm] - Darwin 23.4.0 23E224)

CPU model: Apple M1 Pro
Thread count: 10 physical cores, 10 logical processors, using up to 10 threads

Optimize a model with 556 rows, 309136 columns and 308580 nonzeros
Model fingerprint: 0x471fdbab
Coefficient statistics:
  Matrix range     [1e+00, 1e+00]
  Objective range  [5e-15, 3e+07]
  Bounds range     [0e+00, 0e+00]
  RHS range        [1e+00, 7e+01]
Presolve removed 3 rows and 156508 columns
Presolve time: 0.11s
Presolved: 553 rows, 152628 columns, 305256 nonzeros

Concurrent LP optimizer: primal simplex, dual simplex, and barrier
Showing barrier log only...

Ordering time: 0.00s

Barrier statistics:
 AA' NZ     : 1.526e+05
 Factor NZ  : 1.532e+05 (roughly 60 MB of memory)
 Factor Ops : 5.652e+07 (less than 1 second per iteration)
 Threads    : 8

                  Objective                Residual
Iter       Primal          Dual         Primal    Dual     Compl     Time
   0   3.58841885e+03  0.00000000e+00  1.69e+03 0.00e+00  4.59e+00     0s
   1   2.12643114e+02 -9.41315626e+01  1.28e+02 8.09e-01  3.80e-01     0s
   2   1.27725336e+01 -7.91106961e+01  6.02e+00 1.42e-14  4.53e-02     0s
   3   2.13418866e+00 -1.37471877e+01  1.85e-13 1.42e-14  6.66e-03     0s
   4   1.64437133e+00 -6.97502644e+00  1.62e-13 1.42e-14  3.61e-03     0s
   5   1.23354139e+00 -2.69801337e+00  1.42e-13 2.84e-14  1.65e-03     0s

Barrier performed 5 iterations in 0.24 seconds (0.25 work units)
Barrier solve interrupted - model solved by another algorithm


Solved with dual simplex
Iteration    Objective       Primal Inf.    Dual Inf.      Time
    2844    4.2398668e-03   0.000000e+00   0.000000e+00      0s

Solved in 2844 iterations and 0.27 seconds (0.26 work units)
Optimal objective  4.239866779e-03

Gurobi 11.0.3 (mac64[arm], Java) logging started 火 10/ 8 14:54:03 2024

Set parameter Username
Academic license - for non-commercial use only - expires 2025-09-24
Gurobi Optimizer version 11.0.3 build v11.0.3rc0 (mac64[arm] - Darwin 23.4.0 23E224)

CPU model: Apple M1 Pro
Thread count: 10 physical cores, 10 logical processors, using up to 10 threads

Optimize a model with 556 rows, 309136 columns and 308580 nonzeros
Model fingerprint: 0x80e730bd
Model has 154290 quadratic objective terms
Coefficient statistics:
  Matrix range     [1e+00, 1e+00]
  Objective range  [5e-15, 3e+07]
  QObjective range [4e-01, 4e-01]
  Bounds range     [0e+00, 0e+00]
  RHS range        [1e+00, 7e+01]
Presolve removed 3 rows and 156508 columns
Presolve time: 0.07s
Presolved: 553 rows, 152628 columns, 305256 nonzeros
Presolved model has 152628 quadratic objective terms
Ordering time: 0.00s

Barrier statistics:
 AA' NZ     : 1.526e+05
 Factor NZ  : 1.532e+05 (roughly 60 MB of memory)
 Factor Ops : 5.652e+07 (less than 1 second per iteration)
 Threads    : 10

                  Objective                Residual
Iter       Primal          Dual         Primal    Dual     Compl     Time
   0   4.77580732e+08 -4.77434163e+08  5.52e+05 0.00e+00  1.00e+06     0s
   1   2.09569084e+03 -5.89393648e+05  8.08e+02 0.00e+00  1.96e+03     0s
   2   1.88041660e+02 -3.00979384e+05  1.58e+01 0.00e+00  2.71e+02     0s
   3   1.70703093e+02 -2.65297178e+03  1.97e-02 0.00e+00  2.37e+00     0s
   4   1.70471878e+02  1.20944955e+02  3.04e-04 0.00e+00  4.15e-02     0s
   5   1.70031670e+02  1.42300574e+02  1.47e-04 0.00e+00  2.33e-02     0s
   6   1.69304824e+02  1.49419355e+02  7.35e-05 0.00e+00  1.67e-02     0s
   7   1.68827186e+02  1.53944979e+02  2.53e-05 0.00e+00  1.25e-02     0s
   8   1.68557032e+02  1.57155181e+02  2.61e-11 0.00e+00  9.56e-03     0s
   9   1.68160884e+02  1.64531065e+02  3.64e-12 4.82e-16  3.04e-03     0s
  10   1.67984592e+02  1.66922991e+02  1.02e-12 1.82e-15  8.90e-04     0s
  11   1.67918423e+02  1.67645336e+02  1.14e-12 1.50e-15  2.29e-04     0s
  12   1.67894535e+02  1.67869254e+02  1.19e-12 1.71e-15  2.12e-05     0s
  13   1.67891787e+02  1.67891156e+02  1.19e-12 1.80e-15  5.29e-07     0s
  14   1.67891695e+02  1.67891690e+02  9.09e-13 1.56e-15  4.81e-09     0s
  15   1.67891694e+02  1.67891693e+02  1.02e-12 2.05e-15  1.19e-10     0s

Barrier solved model in 15 iterations and 0.29 seconds (0.40 work units)
Optimal objective 1.67891694e+02


Gurobi 11.0.3 (mac64[arm], Java) logging started 火 10/ 8 14:54:04 2024

Set parameter Username
Academic license - for non-commercial use only - expires 2025-09-24
Gurobi Optimizer version 11.0.3 build v11.0.3rc0 (mac64[arm] - Darwin 23.4.0 23E224)

CPU model: Apple M1 Pro
Thread count: 10 physical cores, 10 logical processors, using up to 10 threads

Optimize a model with 556 rows, 309136 columns and 308580 nonzeros
Model fingerprint: 0x471fdbab
Coefficient statistics:
  Matrix range     [1e+00, 1e+00]
  Objective range  [5e-15, 3e+07]
  Bounds range     [0e+00, 0e+00]
  RHS range        [1e+00, 7e+01]
Presolve removed 3 rows and 156508 columns
Presolve time: 0.10s
Presolved: 553 rows, 152628 columns, 305256 nonzeros

Concurrent LP optimizer: primal simplex, dual simplex, and barrier
Showing barrier log only...

Ordering time: 0.00s

Barrier statistics:
 AA' NZ     : 1.526e+05
 Factor NZ  : 1.532e+05 (roughly 60 MB of memory)
 Factor Ops : 5.652e+07 (less than 1 second per iteration)
 Threads    : 8

                  Objective                Residual
Iter       Primal          Dual         Primal    Dual     Compl     Time
   0   3.58841885e+03  0.00000000e+00  1.69e+03 0.00e+00  4.59e+00     0s
   1   2.12643114e+02 -9.41315626e+01  1.28e+02 8.09e-01  3.80e-01     0s
   2   1.27725336e+01 -7.91106961e+01  6.02e+00 1.42e-14  4.53e-02     0s
   3   2.13418866e+00 -1.37471877e+01  1.85e-13 1.42e-14  6.66e-03     0s
   4   1.64437133e+00 -6.97502644e+00  1.62e-13 1.42e-14  3.61e-03     0s

Barrier performed 4 iterations in 0.20 seconds (0.23 work units)
Barrier solve interrupted - model solved by another algorithm


Solved with dual simplex
Iteration    Objective       Primal Inf.    Dual Inf.      Time
    2844    4.2398668e-03   0.000000e+00   0.000000e+00      0s

Solved in 2844 iterations and 0.23 seconds (0.26 work units)
Optimal objective  4.239866779e-03

Gurobi 11.0.3 (mac64[arm], Java) logging started 火 10/ 8 14:54:05 2024

Set parameter Username
Academic license - for non-commercial use only - expires 2025-09-24
Gurobi Optimizer version 11.0.3 build v11.0.3rc0 (mac64[arm] - Darwin 23.4.0 23E224)

CPU model: Apple M1 Pro
Thread count: 10 physical cores, 10 logical processors, using up to 10 threads

Optimize a model with 556 rows, 309136 columns and 308580 nonzeros
Model fingerprint: 0x80e730bd
Model has 154290 quadratic objective terms
Coefficient statistics:
  Matrix range     [1e+00, 1e+00]
  Objective range  [5e-15, 3e+07]
  QObjective range [4e-01, 4e-01]
  Bounds range     [0e+00, 0e+00]
  RHS range        [1e+00, 7e+01]
Presolve removed 3 rows and 156508 columns
Presolve time: 0.06s
Presolved: 553 rows, 152628 columns, 305256 nonzeros
Presolved model has 152628 quadratic objective terms
Ordering time: 0.00s

Barrier statistics:
 AA' NZ     : 1.526e+05
 Factor NZ  : 1.532e+05 (roughly 60 MB of memory)
 Factor Ops : 5.652e+07 (less than 1 second per iteration)
 Threads    : 10

                  Objective                Residual
Iter       Primal          Dual         Primal    Dual     Compl     Time
   0   4.77580732e+08 -4.77434163e+08  5.52e+05 0.00e+00  1.00e+06     0s
   1   2.09569084e+03 -5.89393648e+05  8.08e+02 0.00e+00  1.96e+03     0s
   2   1.88041660e+02 -3.00979384e+05  1.58e+01 0.00e+00  2.71e+02     0s
   3   1.70703093e+02 -2.65297178e+03  1.97e-02 0.00e+00  2.37e+00     0s
   4   1.70471878e+02  1.20944955e+02  3.04e-04 0.00e+00  4.15e-02     0s
   5   1.70031670e+02  1.42300574e+02  1.47e-04 0.00e+00  2.33e-02     0s
   6   1.69304824e+02  1.49419355e+02  7.35e-05 0.00e+00  1.67e-02     0s
   7   1.68827186e+02  1.53944979e+02  2.53e-05 0.00e+00  1.25e-02     0s
   8   1.68557032e+02  1.57155181e+02  2.61e-11 0.00e+00  9.56e-03     0s
   9   1.68160884e+02  1.64531065e+02  3.64e-12 4.82e-16  3.04e-03     0s
  10   1.67984592e+02  1.66922991e+02  1.02e-12 1.82e-15  8.90e-04     0s
  11   1.67918423e+02  1.67645336e+02  1.14e-12 1.50e-15  2.29e-04     0s
  12   1.67894535e+02  1.67869254e+02  1.19e-12 1.71e-15  2.12e-05     0s
  13   1.67891787e+02  1.67891156e+02  1.19e-12 1.80e-15  5.29e-07     0s
  14   1.67891695e+02  1.67891690e+02  9.09e-13 1.56e-15  4.81e-09     0s
  15   1.67891694e+02  1.67891693e+02  1.02e-12 2.05e-15  1.19e-10     0s

Barrier solved model in 15 iterations and 0.28 seconds (0.40 work units)
Optimal objective 1.67891694e+02


Gurobi 11.0.3 (mac64[arm], Java) logging started 火 10/ 8 14:54:06 2024

Set parameter Username
Academic license - for non-commercial use only - expires 2025-09-24
Gurobi Optimizer version 11.0.3 build v11.0.3rc0 (mac64[arm] - Darwin 23.4.0 23E224)

CPU model: Apple M1 Pro
Thread count: 10 physical cores, 10 logical processors, using up to 10 threads

Optimize a model with 556 rows, 309136 columns and 308580 nonzeros
Model fingerprint: 0x471fdbab
Coefficient statistics:
  Matrix range     [1e+00, 1e+00]
  Objective range  [5e-15, 3e+07]
  Bounds range     [0e+00, 0e+00]
  RHS range        [1e+00, 7e+01]
Presolve removed 3 rows and 156508 columns
Presolve time: 0.09s
Presolved: 553 rows, 152628 columns, 305256 nonzeros

Concurrent LP optimizer: primal simplex, dual simplex, and barrier
Showing barrier log only...

Ordering time: 0.01s

Barrier statistics:
 AA' NZ     : 1.526e+05
 Factor NZ  : 1.532e+05 (roughly 60 MB of memory)
 Factor Ops : 5.652e+07 (less than 1 second per iteration)
 Threads    : 8

                  Objective                Residual
Iter       Primal          Dual         Primal    Dual     Compl     Time
   0   3.58841885e+03  0.00000000e+00  1.69e+03 0.00e+00  4.59e+00     0s
   1   2.12643114e+02 -9.41315626e+01  1.28e+02 8.09e-01  3.80e-01     0s
   2   1.27725336e+01 -7.91106961e+01  6.02e+00 1.42e-14  4.53e-02     0s
   3   2.13418866e+00 -1.37471877e+01  1.85e-13 1.42e-14  6.66e-03     0s
   4   1.64437133e+00 -6.97502644e+00  1.62e-13 1.42e-14  3.61e-03     0s
   5   1.23354139e+00 -2.69801337e+00  1.42e-13 2.84e-14  1.65e-03     0s

Barrier performed 5 iterations in 0.21 seconds (0.25 work units)
Barrier solve interrupted - model solved by another algorithm


Solved with dual simplex
Iteration    Objective       Primal Inf.    Dual Inf.      Time
    2844    4.2398668e-03   0.000000e+00   0.000000e+00      0s

Solved in 2844 iterations and 0.24 seconds (0.26 work units)
Optimal objective  4.239866779e-03

Gurobi 11.0.3 (mac64[arm], Java) logging started 火 10/ 8 14:54:06 2024

Set parameter Username
Academic license - for non-commercial use only - expires 2025-09-24
Gurobi Optimizer version 11.0.3 build v11.0.3rc0 (mac64[arm] - Darwin 23.4.0 23E224)

CPU model: Apple M1 Pro
Thread count: 10 physical cores, 10 logical processors, using up to 10 threads

Optimize a model with 556 rows, 309136 columns and 308580 nonzeros
Model fingerprint: 0x80e730bd
Model has 154290 quadratic objective terms
Coefficient statistics:
  Matrix range     [1e+00, 1e+00]
  Objective range  [5e-15, 3e+07]
  QObjective range [4e-01, 4e-01]
  Bounds range     [0e+00, 0e+00]
  RHS range        [1e+00, 7e+01]
Presolve removed 3 rows and 156508 columns
Presolve time: 0.06s
Presolved: 553 rows, 152628 columns, 305256 nonzeros
Presolved model has 152628 quadratic objective terms
Ordering time: 0.00s

Barrier statistics:
 AA' NZ     : 1.526e+05
 Factor NZ  : 1.532e+05 (roughly 60 MB of memory)
 Factor Ops : 5.652e+07 (less than 1 second per iteration)
 Threads    : 10

                  Objective                Residual
Iter       Primal          Dual         Primal    Dual     Compl     Time
   0   4.77580732e+08 -4.77434163e+08  5.52e+05 0.00e+00  1.00e+06     0s
   1   2.09569084e+03 -5.89393648e+05  8.08e+02 0.00e+00  1.96e+03     0s
   2   1.88041660e+02 -3.00979384e+05  1.58e+01 0.00e+00  2.71e+02     0s
   3   1.70703093e+02 -2.65297178e+03  1.97e-02 0.00e+00  2.37e+00     0s
   4   1.70471878e+02  1.20944955e+02  3.04e-04 0.00e+00  4.15e-02     0s
   5   1.70031670e+02  1.42300574e+02  1.47e-04 0.00e+00  2.33e-02     0s
   6   1.69304824e+02  1.49419355e+02  7.35e-05 0.00e+00  1.67e-02     0s
   7   1.68827186e+02  1.53944979e+02  2.53e-05 0.00e+00  1.25e-02     0s
   8   1.68557032e+02  1.57155181e+02  2.61e-11 0.00e+00  9.56e-03     0s
   9   1.68160884e+02  1.64531065e+02  3.64e-12 4.82e-16  3.04e-03     0s
  10   1.67984592e+02  1.66922991e+02  1.02e-12 1.82e-15  8.90e-04     0s
  11   1.67918423e+02  1.67645336e+02  1.14e-12 1.50e-15  2.29e-04     0s
  12   1.67894535e+02  1.67869254e+02  1.19e-12 1.71e-15  2.12e-05     0s
  13   1.67891787e+02  1.67891156e+02  1.19e-12 1.80e-15  5.29e-07     0s
  14   1.67891695e+02  1.67891690e+02  9.09e-13 1.56e-15  4.81e-09     0s
  15   1.67891694e+02  1.67891693e+02  1.02e-12 2.05e-15  1.19e-10     0s

Barrier solved model in 15 iterations and 0.30 seconds (0.40 work units)
Optimal objective 1.67891694e+02


Gurobi 11.0.3 (mac64[arm], Java) logging started 火 10/ 8 14:54:07 2024

Set parameter Username
Academic license - for non-commercial use only - expires 2025-09-24
Gurobi Optimizer version 11.0.3 build v11.0.3rc0 (mac64[arm] - Darwin 23.4.0 23E224)

CPU model: Apple M1 Pro
Thread count: 10 physical cores, 10 logical processors, using up to 10 threads

Optimize a model with 556 rows, 309136 columns and 308580 nonzeros
Model fingerprint: 0x471fdbab
Coefficient statistics:
  Matrix range     [1e+00, 1e+00]
  Objective range  [5e-15, 3e+07]
  Bounds range     [0e+00, 0e+00]
  RHS range        [1e+00, 7e+01]
Presolve removed 3 rows and 156508 columns
Presolve time: 0.09s
Presolved: 553 rows, 152628 columns, 305256 nonzeros

Concurrent LP optimizer: primal simplex, dual simplex, and barrier
Showing barrier log only...

Ordering time: 0.00s

Barrier statistics:
 AA' NZ     : 1.526e+05
 Factor NZ  : 1.532e+05 (roughly 60 MB of memory)
 Factor Ops : 5.652e+07 (less than 1 second per iteration)
 Threads    : 8

                  Objective                Residual
Iter       Primal          Dual         Primal    Dual     Compl     Time
   0   3.58841885e+03  0.00000000e+00  1.69e+03 0.00e+00  4.59e+00     0s
   1   2.12643114e+02 -9.41315626e+01  1.28e+02 8.09e-01  3.80e-01     0s
   2   1.27725336e+01 -7.91106961e+01  6.02e+00 1.42e-14  4.53e-02     0s
   3   2.13418866e+00 -1.37471877e+01  1.85e-13 1.42e-14  6.66e-03     0s
   4   1.64437133e+00 -6.97502644e+00  1.62e-13 1.42e-14  3.61e-03     0s

Barrier performed 4 iterations in 0.20 seconds (0.23 work units)
Barrier solve interrupted - model solved by another algorithm


Solved with dual simplex
Iteration    Objective       Primal Inf.    Dual Inf.      Time
    2844    4.2398668e-03   0.000000e+00   0.000000e+00      0s

Solved in 2844 iterations and 0.23 seconds (0.26 work units)
Optimal objective  4.239866779e-03

Gurobi 11.0.3 (mac64[arm], Java) logging started 火 10/ 8 14:54:08 2024

Set parameter Username
Academic license - for non-commercial use only - expires 2025-09-24
Gurobi Optimizer version 11.0.3 build v11.0.3rc0 (mac64[arm] - Darwin 23.4.0 23E224)

CPU model: Apple M1 Pro
Thread count: 10 physical cores, 10 logical processors, using up to 10 threads

Optimize a model with 556 rows, 309136 columns and 308580 nonzeros
Model fingerprint: 0x80e730bd
Model has 154290 quadratic objective terms
Coefficient statistics:
  Matrix range     [1e+00, 1e+00]
  Objective range  [5e-15, 3e+07]
  QObjective range [4e-01, 4e-01]
  Bounds range     [0e+00, 0e+00]
  RHS range        [1e+00, 7e+01]
Presolve removed 3 rows and 156508 columns
Presolve time: 0.06s
Presolved: 553 rows, 152628 columns, 305256 nonzeros
Presolved model has 152628 quadratic objective terms
Ordering time: 0.00s

Barrier statistics:
 AA' NZ     : 1.526e+05
 Factor NZ  : 1.532e+05 (roughly 60 MB of memory)
 Factor Ops : 5.652e+07 (less than 1 second per iteration)
 Threads    : 10

                  Objective                Residual
Iter       Primal          Dual         Primal    Dual     Compl     Time
   0   4.77580732e+08 -4.77434163e+08  5.52e+05 0.00e+00  1.00e+06     0s
   1   2.09569084e+03 -5.89393648e+05  8.08e+02 0.00e+00  1.96e+03     0s
   2   1.88041660e+02 -3.00979384e+05  1.58e+01 0.00e+00  2.71e+02     0s
   3   1.70703093e+02 -2.65297178e+03  1.97e-02 0.00e+00  2.37e+00     0s
   4   1.70471878e+02  1.20944955e+02  3.04e-04 0.00e+00  4.15e-02     0s
   5   1.70031670e+02  1.42300574e+02  1.47e-04 0.00e+00  2.33e-02     0s
   6   1.69304824e+02  1.49419355e+02  7.35e-05 0.00e+00  1.67e-02     0s
   7   1.68827186e+02  1.53944979e+02  2.53e-05 0.00e+00  1.25e-02     0s
   8   1.68557032e+02  1.57155181e+02  2.61e-11 0.00e+00  9.56e-03     0s
   9   1.68160884e+02  1.64531065e+02  3.64e-12 4.82e-16  3.04e-03     0s
  10   1.67984592e+02  1.66922991e+02  1.02e-12 1.82e-15  8.90e-04     0s
  11   1.67918423e+02  1.67645336e+02  1.14e-12 1.50e-15  2.29e-04     0s
  12   1.67894535e+02  1.67869254e+02  1.19e-12 1.71e-15  2.12e-05     0s
  13   1.67891787e+02  1.67891156e+02  1.19e-12 1.80e-15  5.29e-07     0s
  14   1.67891695e+02  1.67891690e+02  9.09e-13 1.56e-15  4.81e-09     0s
  15   1.67891694e+02  1.67891693e+02  1.02e-12 2.05e-15  1.19e-10     0s

Barrier solved model in 15 iterations and 0.28 seconds (0.40 work units)
Optimal objective 1.67891694e+02


Gurobi 11.0.3 (mac64[arm], Java) logging started 火 10/ 8 14:54:09 2024

Set parameter Username
Academic license - for non-commercial use only - expires 2025-09-24
Gurobi Optimizer version 11.0.3 build v11.0.3rc0 (mac64[arm] - Darwin 23.4.0 23E224)

CPU model: Apple M1 Pro
Thread count: 10 physical cores, 10 logical processors, using up to 10 threads

Optimize a model with 556 rows, 309136 columns and 308580 nonzeros
Model fingerprint: 0x471fdbab
Coefficient statistics:
  Matrix range     [1e+00, 1e+00]
  Objective range  [5e-15, 3e+07]
  Bounds range     [0e+00, 0e+00]
  RHS range        [1e+00, 7e+01]
Presolve removed 3 rows and 156508 columns
Presolve time: 0.09s
Presolved: 553 rows, 152628 columns, 305256 nonzeros

Concurrent LP optimizer: primal simplex, dual simplex, and barrier
Showing barrier log only...

Ordering time: 0.00s

Barrier statistics:
 AA' NZ     : 1.526e+05
 Factor NZ  : 1.532e+05 (roughly 60 MB of memory)
 Factor Ops : 5.652e+07 (less than 1 second per iteration)
 Threads    : 8

                  Objective                Residual
Iter       Primal          Dual         Primal    Dual     Compl     Time
   0   3.58841885e+03  0.00000000e+00  1.69e+03 0.00e+00  4.59e+00     0s
   1   2.12643114e+02 -9.41315626e+01  1.28e+02 8.09e-01  3.80e-01     0s
   2   1.27725336e+01 -7.91106961e+01  6.02e+00 1.42e-14  4.53e-02     0s
   3   2.13418866e+00 -1.37471877e+01  1.85e-13 1.42e-14  6.66e-03     0s
   4   1.64437133e+00 -6.97502644e+00  1.62e-13 1.42e-14  3.61e-03     0s
   5   1.23354139e+00 -2.69801337e+00  1.42e-13 2.84e-14  1.65e-03     0s

Barrier performed 5 iterations in 0.20 seconds (0.25 work units)
Barrier solve interrupted - model solved by another algorithm


Solved with dual simplex
Iteration    Objective       Primal Inf.    Dual Inf.      Time
    2844    4.2398668e-03   0.000000e+00   0.000000e+00      0s

Solved in 2844 iterations and 0.23 seconds (0.26 work units)
Optimal objective  4.239866779e-03

Gurobi 11.0.3 (mac64[arm], Java) logging started 火 10/ 8 14:54:10 2024

Set parameter Username
Academic license - for non-commercial use only - expires 2025-09-24
Gurobi Optimizer version 11.0.3 build v11.0.3rc0 (mac64[arm] - Darwin 23.4.0 23E224)

CPU model: Apple M1 Pro
Thread count: 10 physical cores, 10 logical processors, using up to 10 threads

Optimize a model with 556 rows, 309136 columns and 308580 nonzeros
Model fingerprint: 0x80e730bd
Model has 154290 quadratic objective terms
Coefficient statistics:
  Matrix range     [1e+00, 1e+00]
  Objective range  [5e-15, 3e+07]
  QObjective range [4e-01, 4e-01]
  Bounds range     [0e+00, 0e+00]
  RHS range        [1e+00, 7e+01]
Presolve removed 3 rows and 156508 columns
Presolve time: 0.06s
Presolved: 553 rows, 152628 columns, 305256 nonzeros
Presolved model has 152628 quadratic objective terms
Ordering time: 0.00s

Barrier statistics:
 AA' NZ     : 1.526e+05
 Factor NZ  : 1.532e+05 (roughly 60 MB of memory)
 Factor Ops : 5.652e+07 (less than 1 second per iteration)
 Threads    : 10

                  Objective                Residual
Iter       Primal          Dual         Primal    Dual     Compl     Time
   0   4.77580732e+08 -4.77434163e+08  5.52e+05 0.00e+00  1.00e+06     0s
   1   2.09569084e+03 -5.89393648e+05  8.08e+02 0.00e+00  1.96e+03     0s
   2   1.88041660e+02 -3.00979384e+05  1.58e+01 0.00e+00  2.71e+02     0s
   3   1.70703093e+02 -2.65297178e+03  1.97e-02 0.00e+00  2.37e+00     0s
   4   1.70471878e+02  1.20944955e+02  3.04e-04 0.00e+00  4.15e-02     0s
   5   1.70031670e+02  1.42300574e+02  1.47e-04 0.00e+00  2.33e-02     0s
   6   1.69304824e+02  1.49419355e+02  7.35e-05 0.00e+00  1.67e-02     0s
   7   1.68827186e+02  1.53944979e+02  2.53e-05 0.00e+00  1.25e-02     0s
   8   1.68557032e+02  1.57155181e+02  2.61e-11 0.00e+00  9.56e-03     0s
   9   1.68160884e+02  1.64531065e+02  3.64e-12 4.82e-16  3.04e-03     0s
  10   1.67984592e+02  1.66922991e+02  1.02e-12 1.82e-15  8.90e-04     0s
  11   1.67918423e+02  1.67645336e+02  1.14e-12 1.50e-15  2.29e-04     0s
  12   1.67894535e+02  1.67869254e+02  1.19e-12 1.71e-15  2.12e-05     0s
  13   1.67891787e+02  1.67891156e+02  1.19e-12 1.80e-15  5.29e-07     0s
  14   1.67891695e+02  1.67891690e+02  9.09e-13 1.56e-15  4.81e-09     0s
  15   1.67891694e+02  1.67891693e+02  1.02e-12 2.05e-15  1.19e-10     0s

Barrier solved model in 15 iterations and 0.29 seconds (0.40 work units)
Optimal objective 1.67891694e+02

